<?xml version="1.0" encoding="UTF-8"?>
<!-- Generated by org.testng.reporters.JUnitReportReporter -->
<testsuite hostname="TYC1121225" failures="0" tests="1" name="basicTestScript.DemoTestScript2Test" time="0.005" errors="0" timestamp="2023-01-06T15:56:11 IST" skipped="0">
  <testcase classname="basicTestScript.DemoTestScript2Test" name="verifyCustomer" time="0.005"/>
  <system-out/>
</testsuite> <!-- basicTestScript.DemoTestScript2Test -->
