<?xml version="1.0" encoding="UTF-8"?>
<!-- Generated by org.testng.reporters.JUnitReportReporter -->
<testsuite hostname="TYC1121225" failures="0" tests="1" name="testNg.ClassB" time="0.003" errors="0" timestamp="2023-01-04T16:36:10 IST" skipped="0">
  <testcase classname="testNg.ClassB" name="logout" time="0.003"/>
  <system-out/>
</testsuite> <!-- testNg.ClassB -->
