<?xml version="1.0" encoding="UTF-8"?>
<!-- Generated by org.testng.reporters.JUnitReportReporter -->
<testsuite hostname="TYC1121225" failures="0" tests="1" name="testNg.SoftAssert" time="0.033" errors="0" timestamp="2023-01-05T16:42:12 IST" skipped="0">
  <testcase classname="testNg.SoftAssert" name="demo" time="0.033"/>
  <system-out/>
</testsuite> <!-- testNg.SoftAssert -->
