<?xml version="1.0" encoding="UTF-8"?>
<!-- Generated by org.testng.reporters.JUnitReportReporter -->
<testsuite hostname="TYC1121225" failures="0" tests="4" name="testNg.Test1" time="0.009" errors="0" timestamp="2023-01-04T16:18:11 IST" skipped="0">
  <testcase classname="testNg.Test1" name="bdemo" time="0.003"/>
  <system-out/>
  <testcase classname="testNg.Test1" name="Ademo" time="0.002"/>
  <system-out/>
  <testcase classname="testNg.Test1" name="Bdemo" time="0.002"/>
  <system-out/>
  <testcase classname="testNg.Test1" name="ademo" time="0.002"/>
  <system-out/>
</testsuite> <!-- testNg.Test1 -->
