<?xml version="1.0" encoding="UTF-8"?>
<!-- Generated by org.testng.reporters.JUnitReportReporter -->
<testsuite hostname="TYC1121225" failures="0" tests="3" name="testNg.DataProvider" time="0.019" errors="0" timestamp="2023-01-04T16:18:11 IST" skipped="0">
  <testcase classname="testNg.DataProvider" name="test" time="0.003"/>
  <system-out/>
  <testcase classname="testNg.DataProvider" name="test" time="0.001"/>
  <system-out/>
  <testcase classname="testNg.DataProvider" name="test" time="0.015"/>
  <system-out/>
</testsuite> <!-- testNg.DataProvider -->
