<?xml version="1.0" encoding="UTF-8"?>
<!-- Generated by org.testng.reporters.JUnitReportReporter -->
<testsuite hostname="TYC1121225" failures="0" tests="1" name="testNg.ClassC" time="8.103" errors="0" timestamp="2023-01-05T15:27:05 IST" skipped="0">
  <testcase classname="testNg.ClassC" name="demo1" time="8.103"/>
  <system-out/>
</testsuite> <!-- testNg.ClassC -->
