<?xml version="1.0" encoding="UTF-8"?>
<!-- Generated by org.testng.reporters.JUnitReportReporter -->
<testsuite hostname="TYC1121225" failures="0" tests="3" name="testNg.ClassE" time="40.956" errors="0" timestamp="2023-01-05T15:48:51 IST" skipped="0">
  <testcase classname="testNg.ClassE" name="demo" time="19.530"/>
  <system-out/>
  <testcase classname="testNg.ClassE" name="demo" time="10.888"/>
  <system-out/>
  <testcase classname="testNg.ClassE" name="demo" time="10.538"/>
  <system-out/>
</testsuite> <!-- testNg.ClassE -->
