<?xml version="1.0" encoding="UTF-8"?>
<!-- Generated by org.testng.reporters.JUnitReportReporter -->
<testsuite hostname="TYC1121225" failures="0" tests="2" name="testNg.ClassD" time="16.206" errors="0" timestamp="2023-01-05T15:27:05 IST" skipped="0">
  <testcase classname="testNg.ClassD" name="demo2" time="8.104"/>
  <system-out/>
  <testcase classname="testNg.ClassD" name="demo2" time="8.102"/>
  <system-out/>
</testsuite> <!-- testNg.ClassD -->
